

Starting up. 18:42.39
---------------------
[18:42:39]MISC: Saved mode is 'extended'
[18:42:39]MISC: Failed to load config/alienwhitelist.txt
[18:42:39]ADMIN: Loading jobban_rank
[18:42:39]ADMIN: jobban_keylist was empty
[18:42:39]ADMIN: Loading Banlist
[18:42:40]DEBUG: Rebuilding Master Controller
[18:43:03]ACCESS: Login: Cakebatter/(Cakebatter) from 127.0.0.1-4218557159 || BYOND v501
[18:43:20]ADMIN: Cakebatter has started the game.
[18:43:20]ACCESS: Logout: *no key*/(Cakebatter)
[18:43:20]ACCESS: Login: Cakebatter/(Salvador Braun) from 127.0.0.1-4218557159 || BYOND v501
[18:43:24]DEBUG: Next event of severity Mundane in 15.86 minutes.
[18:43:24]DEBUG: Next event of severity Moderate in 48.952 minutes.
[18:43:24]DEBUG: Next event of severity Major in 94.5 minutes.
[18:43:24]EMOTE: Ginger/ : <B>Ginger</B> chases its tail.
[18:43:27]GAME: Explosion with size (1, 2, 3) in area OOC Lobby 
[18:43:27]ACCESS: Logout: *no key*/(Salvador Braun)
[18:43:27]ACCESS: Login: Cakebatter/(Salvador Braun) from 127.0.0.1-4218557159 || BYOND v501
[18:43:30]ACCESS: Logout: *no key*/(Salvador Braun)
[18:43:30]ACCESS: Login: Cakebatter/(Salvador Braun) from 127.0.0.1-4218557159 || BYOND v501
[18:43:34]EMOTE: cat/ : <B>The cat</B> bites the mouse (58)!
[18:43:36]EMOTE: Iqui/ : <B>Iqui</B> turns and flies towards Hasna Rishat's home keys
[18:44:03]SAY: Emi/ : HSSSSS
[18:44:17]EMOTE: cat/ : <B>The cat</B> shakes their head.
[18:44:19]EMOTE: Bones/ : <B>Bones</B> shakes their head.
[18:44:23]SAY: Ginger/ : AUUUUUU
[18:44:43]SAY: Cat/ : Purr!
[18:44:51]SAY: Emi/ : HSSSSS
[18:44:51]EMOTE: Iqui/ : <B>Iqui</B> bawks.
[18:44:53]EMOTE: Dr. NibbleFluff/ : <B>Dr. NibbleFluff</B> shakes their head.
[18:44:57]EMOTE: Nini/ : <B>Nini</B> woofs.
[18:45:07]EMOTE: Koira/ : <B>Koira</B> chases its tail.
[18:45:15]EMOTE: Cat/ : <B>Cat</B> mews.
[18:45:17]EMOTE: Milka/ : <B>Milka</B> shivers.
[18:45:24]EMOTE: Ginger/ : <B>Ginger</B> chases its tail.
[18:45:46]EMOTE: Koira/ : <B>Koira</B> pants..
[18:45:56]SAY: fox/ : Ack-Ack-Ack-Ackawoooo
[18:46:06]SAY: Emi/ : Purr!
[18:46:08]EMOTE: Nini/ : <B>Nini</B> shakes its head.
[18:46:08]SAY: Ginger/ : Bark!
[18:46:21]EMOTE: Nini/ : <B>Nini</B> yaps.
[18:46:28]SAY: Poly/ : WHO TOOK THE DAMN HARDSUITS?
[18:46:30]EMOTE: Lisa/ : <B>Lisa</B> dances around
[18:46:32]SAY: kitten/ : Meow!
[18:46:35]EMOTE: Dr. NibbleFluff/ : <B>Dr. NibbleFluff</B> shivers.
[18:46:53]SAY: Wittley/ : Esp!
[18:46:53]EMOTE: Koira/ : <B>Koira</B> chases its tail.
[18:46:59]EMOTE: kitten/ : <B>The kitten</B> shivers.
[18:47:05]EMOTE: Milka/ : <B>Milka</B> shivers.
[18:47:11]EMOTE: Lisa/ : <B>Lisa</B> chases her tail
[18:47:19]SAY: fox/ : Tchoff
[18:47:23]SAY: Lisa/ : YAP
[18:47:40]EMOTE: Lisa/ : <B>Lisa</B> yaps.
[18:47:54]EMOTE: Koira/ : <B>Koira</B> shivers..
[18:48:00]SAY: Dr. NibbleFluff/ : Purr!
[18:48:04]EMOTE: mouse (283)/ : <B>The mouse (283)</B> squeaks.
[18:48:14]SAY: Koira/ : Woof!
[18:48:32]SAY: Dr. NibbleFluff/ : HSSSSS
[18:48:34]SAY: Koira/ : AUUUUUU
[18:48:42]SAY: fox/ : Ack-Ack
[18:48:44]EMOTE: Cat/ : <B>Cat</B> mews.
[18:48:44]EMOTE: Milka/ : <B>Milka</B> meows.
[18:49:06]SAY: fox/ : Ack-Ack-Ack-Ackawoooo
[18:49:09]GAME: Explosion with size (2, 3, 4) in area Creed's Office 
[18:49:39]GAME: Explosion with size (3, 5, 7) in area Creed's Office 
[18:50:04]EMOTE: Lisa/ : <B>Lisa</B> dances around
[18:50:18]SAY: kitten/ : Purr!
[18:50:20]EMOTE: Ginger/ : <B>Ginger</B> chases its tail.
[18:50:22]EMOTE: kitten/ : <B>The kitten</B> shivers.
[18:50:28]EMOTE: Milka/ : <B>Milka</B> shakes their head.
[18:50:50]SAY: Tiger/ : Esp!
[18:50:51]ACCESS: Logout: Cakebatter/(Salvador Braun)
