

Starting up. 16:25.24
---------------------
[16:25:24]MISC: Saved mode is 'extended'
[16:25:25]MISC: Failed to load config/alienwhitelist.txt
[16:25:25]ADMIN: Loading jobban_rank
[16:25:25]ADMIN: jobban_keylist was empty
[16:25:25]ADMIN: Loading Banlist
[16:25:25]DEBUG: Rebuilding Master Controller
[16:26:34]ACCESS: Login: Cakebatter/(Cakebatter) from 127.0.0.1-4218557159 || BYOND v501
[16:27:12]ADMIN: Cakebatter has started the game.
[16:27:13]ACCESS: Logout: *no key*/(Cakebatter)
[16:27:13]ACCESS: Login: Cakebatter/(Lukas Weisgarber) from 127.0.0.1-4218557159 || BYOND v501
[16:27:14]SAY: fox/ : Ack-Ack
[16:27:15]DEBUG: Next event of severity Mundane in 12.084 minutes.
[16:27:15]DEBUG: Next event of severity Moderate in 36.394 minutes.
[16:27:15]DEBUG: Next event of severity Major in 94.6233 minutes.
[16:27:20]SAY: Cat/ : Esp!
[16:27:22]SAY: Lisa/ : AUUUUUU
[16:27:26]EMOTE: cat/ : <B>The cat</B> bites the mouse (317)!
[16:27:28]EMOTE: cat/ : <B>The cat</B> meows.
[16:27:31]ADMIN: Cakebatter/(Lukas Weisgarber) told everyone that ERP has been detected, and spiders will be on their way.
[16:27:33]EMOTE: Bones/ : <B>Bones</B> shakes their head.
[16:27:38]EMOTE: cat/ : <B>The cat</B> mews.
[16:27:39]SAY: Koira/ : Woof!
[16:27:43]EMOTE: Ginger/ : <B>Ginger</B> chases its tail.
[16:27:45]EMOTE: kitten/ : <B>The kitten</B> meows.
[16:27:48]ADMIN: Cakebatter/(Lukas Weisgarber) told *no key*/(Catherina Palson) that ERP has been detected, and spiders will be on their way.
[16:27:51]EMOTE: Emi/ : <B>Emi</B> shivers.
[16:27:55]ADMIN: Cakebatter/(Lukas Weisgarber) told Cakebatter/(Lukas Weisgarber) that ERP has been detected, and spiders will be on their way.
[16:27:55]SAY: Bones/ : Esp!
[16:28:05]EMOTE: Lisa/ : <B>Lisa</B> yaps.
[16:28:09]EMOTE: Iqui/ : <B>Iqui</B> bawks.
[16:28:09]EMOTE: Iqui/ : <B>Iqui</B> turns and flies towards Hasna Rishat's home keys
[16:28:11]EMOTE: Nini/ : <B>Nini</B> woofs.
[16:28:14]ADMIN: Cakebatter/(Lukas Weisgarber) has added a random AI law.
[16:28:23]EMOTE: Ginger/ : <B>Ginger</B> chases its tail.
[16:28:34]ADMIN: Cakebatter/(Lukas Weisgarber) told Cakebatter/(Lukas Weisgarber) to man up and deal with it.
[16:28:39]EMOTE: Dr. NibbleFluff/ : <B>Dr. NibbleFluff</B> mews.
[16:28:43]EMOTE: fox/ : <B>The fox</B> shakes its head.
[16:28:43]SAY: Poly/ : Esp!
[16:28:45]EMOTE: Nini/ : <B>Nini</B> shakes its head.
[16:28:48]EMOTE: kitten/ : <B>The kitten</B> shivers.
[16:29:02]EMOTE: mouse (282)/ : <B>The mouse (282)</B> squiks.
[16:29:06]SAY: cat/ : Purr!
[16:29:08]SAY: fox/ : Ack-Ack
[16:29:16]EMOTE: cat/ : <B>The cat</B> shakes their head.
[16:29:20]SAY: fox/ : Tchoff
[16:29:28]EMOTE: Bones/ : <B>Bones</B> shivers.
[16:29:32]SAY: Bones/ : Meow!
[16:29:33]ADMIN: Cakebatter/(Lukas Weisgarber) healed / revived Cakebatter/(Lukas Weisgarber)
[16:29:56]EMOTE: Lisa/ : <B>Lisa</B> chases her tail
[16:30:00]EMOTE: fox/ : <B>The fox</B> shakes its head.
[16:30:02]SAY: kitten/ : Meow!
[16:30:12]ADMIN: Cakebatter/(Lukas Weisgarber) has spawned a changeling.
[16:30:14]ADMIN: Cakebatter/(Lukas Weisgarber) has spawned a traitor.
[16:30:15]ADMIN: Cakebatter/(Lukas Weisgarber) has spawned a cultists.
[16:30:16]ADMIN: Cakebatter/(Lukas Weisgarber) has spawned revolutionaries.
[16:30:16]ADMIN: Cakebatter/(Lukas Weisgarber) has spawned a malf AI.
[16:30:16]ADMIN: Cakebatter/(Lukas Weisgarber) has spawned a wizard.
[16:30:17]ADMIN: Cakebatter/(Lukas Weisgarber) has spawned vox raiders.
[16:30:25]EMOTE: Lisa/ : <B>Lisa</B> dances around
[16:30:33]EMOTE: Koira/ : <B>Koira</B> chases its tail.
[16:30:34]ADMIN: Cakebatter/(Lukas Weisgarber) used secret list_signalers
[16:30:38]ADMIN: Cakebatter/(Lukas Weisgarber) used secret check_antagonist
[16:30:44]ADMIN: Cakebatter/(Lukas Weisgarber) toggled gravity off.
[16:30:44]ADMIN: Cakebatter/(Lukas Weisgarber) used secret gravity
[16:30:51]ADMIN: Cakebatter/(Lukas Weisgarber) toggled gravity on.
[16:30:51]ADMIN: Cakebatter/(Lukas Weisgarber) used secret gravity
[16:30:53]EMOTE: Ginger/ : <B>Ginger</B> shivers..
[16:30:55]SAY: Emi/ : Purr!
[16:30:57]ADMIN: Cakebatter/(Lukas Weisgarber) spawned a meteor wave
[16:30:57]ADMIN: Cakebatter/(Lukas Weisgarber) used secret wave
[16:31:07]EMOTE: Bones/ : <B>Bones</B> mews.
[16:31:16]ACCESS: Logout: *no key*/(Lukas Weisgarber)
[16:31:16]ACCESS: Login: Cakebatter/(Lukas Weisgarber) from 127.0.0.1-4218557159 || BYOND v501
[16:31:16]ADMIN: *no key*/(Lukas Weisgarber) used gibself.
[16:31:21]EMOTE: Ginger/ : <B>Ginger</B> chases its tail.
[16:31:21]ACCESS: Logout: *no key*/(Lukas Weisgarber)
[16:31:21]ACCESS: Login: Cakebatter/(Lukas Weisgarber) from 127.0.0.1-4218557159 || BYOND v501
[16:32:12]EMOTE: Ginger/ : <B>Ginger</B> chases its tail.
[16:32:12]EMOTE: cat/ : <B>The cat</B> mews.
[16:32:25]EMOTE: Ginger/ : <B>Ginger</B> yaps..
[16:32:48]DEBUG: Event of '/datum/event/meteor_wave' with missing meta-data has completed.
[16:33:05]SAY: Milka/ : Meow!
[16:33:15]EMOTE: Milka/ : <B>Milka</B> mews.
[16:33:30]EMOTE: Emi/ : <B>Emi</B> shakes their head.
[16:33:30]EMOTE: Ginger/ : <B>Ginger</B> chases its tail.
[16:33:33]EMOTE: cat/ : <B>The cat</B> shakes their head.
[16:33:35]SAY: kitten/ : Esp!
[16:33:46]EMOTE: Lisa/ : <B>Lisa</B> dances around
[16:33:52]EMOTE: Tiger/ : <B>Tiger</B> meows.
[16:33:58]EMOTE: Koira/ : <B>Koira</B> chases its tail.
[16:34:09]ADMIN: Cakebatter/(Lukas Weisgarber) used secret schoolgirl
[16:34:12]EMOTE: mouse (784)/ : <B>The mouse (784)</B> squiks.
[16:34:14]EMOTE: Milka/ : <B>Milka</B> shakes their head.
[16:34:14]SAY: kitten/ : Meow!
[16:34:18]ADMIN: Cakebatter/(Lukas Weisgarber) used secret friendai
[16:34:22]ADMIN: Cakebatter/(Lukas Weisgarber) used secret whiteout
[16:34:26]EMOTE: Lisa/ : <B>Lisa</B> chases her tail
[16:34:34]EMOTE: Lisa/ : <B>Lisa</B> chases her tail
[16:34:59]EMOTE: Poly/ : <B>Poly</B> bawks.
[16:35:01]EMOTE: kitten/ : <B>The kitten</B> shakes their head.
[16:35:11]SAY: Wittley/ : HSSSSS
[16:35:20]ADMIN: Cakebatter/(Lukas Weisgarber) created a /mob/living/carbon/human/interactive/angry
[16:35:21]ADMIN: Cakebatter/(Lukas Weisgarber) created a /mob/living/carbon/human/interactive/friendly
[16:35:22]ADMIN: Cakebatter/(Lukas Weisgarber) created a /mob/living/carbon/human/interactive/friendly
[16:35:27]EMOTE: Koira/ : <B>Koira</B> chases its tail.
[16:35:39]ADMIN: Cakebatter/(Lukas Weisgarber) changed the equipment of *no key*/(Adam Endsley) to tournament janitor.
[16:36:04]ADMIN: Cakebatter/(Lukas Weisgarber) changed the equipment of *no key*/(Trenton Sloan) to marisa wizard.
[16:36:12]ADMIN: Cakebatter/(Lukas Weisgarber) changed the equipment of *no key*/(Alec Owens) to standard space gear.
[16:36:13]SAY: fox/ : Ack-Ack
[16:36:40]EMOTE: Ginger/ : <B>Ginger</B> chases its tail.
[16:36:46]EMOTE: Koira/ : <B>Koira</B> chases its tail.
[16:36:50]SAY: Nini/ : AUUUUUU
[16:36:54]EMOTE: Ginger/ : <B>Ginger</B> chases its tail.
[16:36:58]SAY: Lisa/ : YAP
[16:37:02]ADMIN: Cakebatter/(Lukas Weisgarber) created a /mob/living/carbon/human/interactive/friendly
[16:37:02]ADMIN: Cakebatter/(Lukas Weisgarber) created a /mob/living/carbon/human/interactive/friendly
[16:37:11]ADMIN: Cakebatter/(Lukas Weisgarber) changed the equipment of *no key*/(Blake Nash) to pirate.
[16:37:32]EMOTE: Nini/ : <B>Nini</B> woofs.
[16:37:34]SAY: cat/ : Purr!
[16:38:04]SAY: Wittley/ : Meow!
[16:38:09]EMOTE: Lisa/ : <B>Lisa</B> chases her tail
[16:38:13]ADMIN: Cakebatter/(Lukas Weisgarber) created a /mob/living/carbon/human/interactive/friendly
[16:38:25]ADMIN: Cakebatter/(Lukas Weisgarber) changed the equipment of *no key*/(Wyatt Brindle) to tunnel clown.
[16:38:30]SAY: Koira/ : Woof!
[16:38:48]SAY: fox/ : Tchoff
[16:39:09]EMOTE: Bones/ : <B>Bones</B> shivers.
[16:39:26]EMOTE: Wittley/ : <B>Wittley</B> shakes their head.
[16:39:28]ADMIN: Cakebatter/(Lukas Weisgarber) created a /mob/living/carbon/human/interactive/friendly
[16:39:37]EMOTE: cat/ : <B>The cat</B> shakes their head.
[16:39:39]EMOTE: Wittley/ : <B>Wittley</B> shakes their head.
[16:39:46]SAY: Milka/ : Esp!
[16:39:48]EMOTE: Lisa/ : <B>Lisa</B> yaps.
[16:40:02]SAY: Koira/ : YAP
[16:40:02]EMOTE: Cat/ : <B>Cat</B> meows.
[16:40:15]ADMIN: Cakebatter/(Lukas Weisgarber) changed the equipment of *no key*/(Donella Schrader) to masked killer.
[16:40:16]SAY: kitten/ : HSSSSS
[16:40:34]EMOTE: Emi/ : <B>Emi</B> mews.
[16:40:38]SAY: Ginger/ : Bark!
[16:40:49]SAY: fox/ : Ack-Ack-Ack-Ackawoooo
[16:40:49]EMOTE: kitten/ : <B>The kitten</B> mews.
[16:41:00]DEBUG: Next event of severity Mundane in 15.772 minutes.
[16:41:00]DEBUG: Starting event 'Trivial News' of severity Mundane.
[16:41:04]EMOTE: Dr. NibbleFluff/ : <B>Dr. NibbleFluff</B> shakes their head.
[16:41:05]ACCESS: Logout: *no key*/(Lukas Weisgarber)
[16:41:05]ACCESS: Login: cakebatter/(Adam Endsley) from 127.0.0.1-4218557159 || BYOND v501
[16:41:05]ADMIN: Cakebatter/(Adam Endsley) modified Adam Endsley's ckey to cakebatter
[16:41:20]SAY: Cat/ : Purr!
[16:41:23]ATTACK: Adam Endsley (cakebatter) splashed Unknown () with bucket. Reagents: Water (INTENT: HURT) (<A HREF='?_src_=holder;adminplayerobservecoodjump=1;X=196;Y=174;Z=1'>JMP</a>)
[16:41:25]EMOTE: Lisa/ : <B>Lisa</B> chases her tail
[16:41:28]EMOTE: kitten/ : <B>The kitten</B> mews.
[16:41:30]DEBUG: Event 'Trivial News' has completed at 12:12.
[16:41:30]EMOTE: Lisa/ : <B>Lisa</B> dances around
[16:41:40]ATTACK: cakebatter/(Adam Endsley) disarmed Trenton Sloan ()
[16:41:53]ATTACK: cakebatter/(Adam Endsley) disarmed Trenton Sloan ()
[16:41:54]ATTACK: cakebatter/(Adam Endsley) disarmed Trenton Sloan ()
[16:41:55]ATTACK: cakebatter/(Adam Endsley) disarmed Trenton Sloan ()
[16:41:57]ATTACK: cakebatter/(Adam Endsley) disarmed Trenton Sloan ()
[16:42:06]EMOTE: Ginger/ : <B>Ginger</B> chases its tail.
[16:42:14]EMOTE: Emi/ : <B>Emi</B> shakes their head.
[16:42:22]EMOTE: kitten/ : <B>The kitten</B> shivers.
[16:42:28]EMOTE: Iqui/ : <B>Iqui</B> bawks.
[16:42:39]EMOTE: Bones/ : <B>Bones</B> meows.
[16:42:51]SAY: Nini/ : AUUUUUU
[16:43:00]ADMIN: cakebatter/(Adam Endsley) changed the equipment of cakebatter/(Adam Endsley) to red wizard.
[16:43:09]EMOTE: Koira/ : <B>Koira</B> chases its tail.
[16:43:09]EMOTE: Ginger/ : <B>Ginger</B> pants..
[16:43:09]SAY: Adam Endsley/cakebatter : KN&#39;A`FTAGHU,`PUCK`&#39;BTHNK!
[16:43:20]SAY: Adam Endsley/cakebatter : BIRUZ BENNAR
[16:43:22]SAY: Koira/ : Woof!
[16:43:49]EMOTE: fox/ : <B>The fox</B> barks.
[16:44:00]WHISPER: Adam Endsley/cakebatter : TARCOL MINTI ZHERI
[16:44:00]EMOTE: Ginger/ : <B>Ginger</B> shakes its head..
[16:44:05]SAY: Adam Endsley/cakebatter : ONI`SOMA
[16:44:05]GAME: Explosion with size (-1, 1, 2) in area Creed's Office 
[16:44:06]EMOTE: Adam Endsley/cakebatter : <B>Adam Endsley</B> screams!
[16:44:14]EMOTE: Lisa/ : <B>Lisa</B> chases her tail
[16:44:20]ADMIN: cakebatter/(Adam Endsley) healed / revived cakebatter/(Adam Endsley)
[16:44:23]EMOTE: Koira/ : <B>Koira</B> chases its tail.
[16:44:23]EMOTE: Lisa/ : <B>Lisa</B> chases her tail
[16:44:29]SAY: Adam Endsley/cakebatter : B-BIR-RU`B-BEN-NNAR
[16:44:38]WHISPER: Adam Endsley/cakebatter : GIN&#39;YU`CAPAN
[16:44:52]EMOTE: Koira/ : <B>Koira</B> chases its tail.
[16:44:55]SAY: Adam Endsley/cakebatter : KN&#39;A FTAGHU, PUCK &#39;BTHNK!!!!
[16:45:09]SAY: Adam Endsley/cakebatter : ONI SOMA
[16:45:09]SAY: kitten/ : Meow!
[16:45:10]GAME: Explosion with size (-1, 1, 2) in area Creed's Office 
[16:45:11]EMOTE: Lisa/ : <B>Lisa</B> yaps.
[16:45:11]EMOTE: Unknown/ : <B>Unknown</B> screams!
[16:45:13]EMOTE: fox/ : <B>The fox</B> barks.
[16:45:17]SAY: Nini/ : Bark!
[16:45:21]EMOTE: Nini/ : <B>Nini</B> barks.
[16:45:28]SAY: Adam Endsley/cakebatter : BIRUZ`BENNAR
[16:45:33]SAY: Adam Endsley/cakebatter : KN&#39;A`FTAGHU,`PUCK`&#39;BTHNK!
[16:45:43]EMOTE: Wittley/ : <B>Wittley</B> mews.
[16:45:46]WHISPER: Adam Endsley/cakebatter : GIN&#39;YU CAPAN
[16:45:50]SAY: Adam Endsley/cakebatter : FORTI`GY`AMA
[16:45:51]EMOTE: Milka/ : <B>Milka</B> meows.
[16:45:52]SAY: Adam Endsley/cakebatter : ONI`SOMA
[16:45:52]GAME: Explosion with size (-1, 1, 2) in area Creed's Office 
[16:45:53]EMOTE: Unknown/ : <B>Unknown</B> screams!
[16:45:53]EMOTE: Unknown/ : <B>Unknown</B> screams!
[16:46:02]SAY: Adam Endsley/cakebatter : ONI`SOMA
[16:46:02]GAME: Explosion with size (-1, 1, 2) in area Creed's Office 
[16:46:04]EMOTE: Adam Endsley/cakebatter : <B>Adam Endsley</B> screams!
[16:46:04]EMOTE: Trenton Sloan/ : <B>Trenton Sloan</B> screams!
[16:46:06]SAY: Koira/ : YAP
[16:46:13]SAY: Adam Endsley/cakebatter : ONI`SOMA
[16:46:13]GAME: Explosion with size (-1, 1, 2) in area Creed's Office 
[16:46:14]EMOTE: Adam Endsley/cakebatter : <B>Adam Endsley</B> screams!
[16:46:16]EMOTE: Koira/ : <B>Koira</B> chases its tail.
[16:46:21]EMOTE: kitten/ : <B>The kitten</B> shakes their head.
[16:46:21]SAY: cat/ : Meow!
[16:46:23]SAY: Adam Endsley/cakebatter : ONI SOMA
[16:46:24]GAME: Explosion with size (-1, 1, 2) in area Creed's Office 
[16:46:24]EMOTE: Trenton Sloan/ : <B>Trenton Sloan</B> screams!
[16:46:25]SAY: fox/ : Tchoff
[16:46:25]EMOTE: Adam Endsley/cakebatter : <B>Adam Endsley</B> screams!
[16:46:25]EMOTE: Trenton Sloan/ : <B>Trenton Sloan</B> screams!
[16:46:27]EMOTE: Adam Endsley/cakebatter : <B>Adam Endsley</B> is having trouble keeping their eyes open.
[16:46:31]EMOTE: Koira/ : <B>Koira</B> chases its tail.
[16:46:34]SAY: Adam Endsley/cakebatter : ON-N-N-NI`S-SOM-M-M-MA
[16:46:34]GAME: Explosion with size (-1, 1, 2) in area Creed's Office 
[16:46:34]EMOTE: Adam Endsley/cakebatter : <B>Adam Endsley</B> screams!
[16:46:35]EMOTE: Trenton Sloan/ : <B>Trenton Sloan</B> screams!
[16:46:35]EMOTE: Trenton Sloan/ : <B>Trenton Sloan</B> screams!
[16:46:38]EMOTE: Dr. NibbleFluff/ : <B>Dr. NibbleFluff</B> meows.
[16:46:38]EMOTE: Adam Endsley/cakebatter : <B>Adam Endsley</B> screams!
[16:46:42]ACCESS: Logout: *no key*/(Adam Endsley)
[16:46:42]ACCESS: Login: cakebatter/(Adam Endsley) from 127.0.0.1-4218557159 || BYOND v501
[16:46:49]SAY: Lisa/ : YAP
[16:46:49]EMOTE: fox/ : <B>The fox</B> shakes its head.
[16:47:13]EMOTE: Koira/ : <B>Koira</B> chases its tail.
[16:47:17]SAY: Emi/ : Esp!
[16:47:23]EMOTE: Koira/ : <B>Koira</B> chases its tail.
[16:47:35]SAY: Cat/ : Purr!
[16:47:43]EMOTE: Koira/ : <B>Koira</B> chases its tail.
[16:47:43]EMOTE: Lisa/ : <B>Lisa</B> shakes its head.
[16:47:59]ADMIN: cakebatter/(Adam Endsley) teleported *no key*/(Cat)
[16:48:03]ADMIN: cakebatter/(Adam Endsley) teleported *no key*/(Cat)
[16:48:05]ADMIN: cakebatter/(Adam Endsley) teleported *no key*/(Bones)
[16:48:08]ADMIN: cakebatter/(Adam Endsley) teleported *no key*/(Lisa)
[16:48:11]ADMIN: cakebatter/(Adam Endsley) teleported *no key*/(Emi)
[16:48:14]ADMIN: cakebatter/(Adam Endsley) teleported *no key*/(Dr. NibbleFluff)
[16:48:18]ADMIN: cakebatter/(Adam Endsley) teleported *no key*/(Iqui)
[16:48:22]ADMIN: cakebatter/(Adam Endsley) teleported *no key*/(Delialah Bennit)
[16:48:26]ADMIN: cakebatter/(Adam Endsley) teleported *no key*/(kitten)
[16:48:39]ACCESS: Logout: *no key*/(Adam Endsley)
[16:48:39]ACCESS: Login: cakebatter/(Delialah Bennit) from 127.0.0.1-4218557159 || BYOND v501
[16:48:39]ADMIN: Cakebatter/(Delialah Bennit) modified Delialah Bennit's ckey to cakebatter
[16:48:51]EMOTE: Koira/ : <B>Koira</B> chases its tail.
[16:49:13]EMOTE: Ginger/ : <B>Ginger</B> chases its tail.
[16:49:15]EMOTE: Ginger/ : <B>Ginger</B> chases its tail.
[16:49:22]ADMIN: cakebatter/(Delialah Bennit) created a /obj/item/weapon/storage/box/emps
[16:49:24]EMOTE: Koira/ : <B>Koira</B> chases its tail.
[16:49:27]ATTACK: Delialah Bennit (cakebatter) primed a classic emp grenade (<A HREF='?_src_=holder;adminplayerobservecoodjump=1;X=209;Y=173;Z=1'>JMP</a>)
[16:49:33]EMOTE: Delialah Bennit/cakebatter : <B>Delialah Bennit</B> collapses!
[16:49:45]EMOTE: fox/ : <B>The fox</B> barks.
[16:49:46]SAY: Emi/ : Esp!
[16:49:49]EMOTE: Koira/ : <B>Koira</B> chases its tail..
[16:49:49]SAY: Koira/ : Woof!
[16:49:51]EMOTE: Lisa/ : <B>Lisa</B> dances around
[16:49:51]SAY: Emi/ : Meow!
[16:49:57]EMOTE: Koira/ : <B>Koira</B> chases its tail.
[16:50:07]EMOTE: Dr. NibbleFluff/ : <B>Dr. NibbleFluff</B> shivers.
[16:50:15]SAY: Poly/ : YAP
[16:50:39]EMOTE: kitten/ : <B>The kitten</B> shakes their head.
[16:50:58]EMOTE: Koira/ : <B>Koira</B> shivers..
[16:51:18]SAY: Milka/ : Purr!
[16:51:47]SAY: Lisa/ : AUUUUUU
[16:51:47]SAY: Nini/ : Woof!
[16:51:47]SAY: Ginger/ : YAP
[16:51:47]SAY: Milka/ : Purr!
[16:52:04]EMOTE: kitten/ : <B>The kitten</B> shakes their head.
[16:52:07]ADMIN: cakebatter/(Delialah Bennit) deleted Delialah Bennit at (209,171,1)
[16:52:07]ACCESS: Logout: *no key*/(Delialah Bennit)
[16:52:07]ACCESS: Login: cakebatter/(Delialah Bennit) from 127.0.0.1-4218557159 || BYOND v501
[16:52:11]SAY: cat/ : Purr!
[16:52:18]EMOTE: Poly/ : <B>Poly</B> flutters its wings.
[16:52:24]EMOTE: Koira/ : <B>Koira</B> chases its tail.
[16:52:24]EMOTE: kitten/ : <B>The kitten</B> mews.
[16:52:24]ADMIN: cakebatter/(Delialah Bennit) has possessed the glass table (/obj/structure/table/glasstable) at (220, 50, 1)
[16:52:26]EMOTE: Ginger/ : <B>Ginger</B> shivers..
[16:52:30]SAY: Dr. NibbleFluff/ : HSSSSS
[16:52:38]ADMIN: cakebatter/(glass table) has possessed the interior door (/obj/machinery/door/window/northright) at (228, 50, 1)
[16:52:42]ADMIN: cakebatter/(interior door) has possessed the tree (/obj/structure/flora/tree/live) at (17, 54, 1)
[16:52:44]SAY: Cat/ : Purr!
[16:52:53]ADMIN: cakebatter/(tree) has possessed the interior door (/obj/machinery/door/window/northright) at (222, 54, 1)
[16:53:03]EMOTE: Ginger/ : <B>Ginger</B> chases its tail.
[16:53:08]ADMIN: cakebatter/(interior door) has possessed the hardened window (/obj/structure/window/reinforced/tinted) at (22, 54, 1)
[16:53:09]SAY: Koira/ : Bark!
[16:53:14]ADMIN: cakebatter/(Delialah Bennit) has possessed New Camden Grove - no.2 Edmund Flashman Adler (/obj/machinery/door/airlock/woodframe) at (214, 54, 1)
[16:53:18]EMOTE: Nini/ : <B>Nini</B> barks.
[16:53:21]ADMIN: cakebatter/(New Camden Grove - no.2 Edmund Flashman Adler) has possessed Cheese wedge (/obj/item/weapon/reagent_containers/food/snacks/cheesewedge) at (145, 61, 1)
[16:53:26]EMOTE: Koira/ : <B>Koira</B> chases its tail.
[16:53:33]EMOTE: Koira/ : <B>Koira</B> chases its tail..
[16:53:35]EMOTE: cat/ : <B>The cat</B> shakes their head.
[16:53:40]ADMIN: cakebatter/(Cheese wedge) made the large bin at 150, 64, 1. make a sound
[16:53:45]EMOTE: Lisa/ : <B>Lisa</B> dances around
[16:53:49]EMOTE: Ginger/ : <B>Ginger</B> chases its tail.
[16:54:01]EMOTE: Lisa/ : <B>Lisa</B> shivers.
[16:54:10]ADMIN: cakebatter/(Delialah Bennit) has possessed T-Borg's Tonic Water (/obj/item/weapon/reagent_containers/food/drinks/cans/tonic) at (224, 62, 1)
[16:54:17]EMOTE: kitten/ : <B>The kitten</B> mews.
[16:54:18]ADMIN: cakebatter/(T-Borg's Tonic Water) has possessed the knife (/obj/item/weapon/kitchen/utensil/knife) at (141, 64, 1)
[16:54:21]EMOTE: Bones/ : <B>Bones</B> shivers.
[16:54:32]EMOTE: fox/ : <B>The fox</B> howls.
[16:54:34]SAY: Bones/ : HSSSSS
[16:54:53]EMOTE: Ginger/ : <B>Ginger</B> chases its tail.
[16:54:53]ADMIN: cakebatter/(Delialah Bennit) has possessed the glass case - 'health' (/obj/item/weapon/implantcase/health) at (126, 166, 4)
[16:54:58]SAY: Ginger/ : YAP
[16:55:02]ADMIN: cakebatter/(glass case - 'health') has possessed Stop the Evil ERPer (/obj/machinery/computer/arcade) at (127, 61, 4)
[16:55:20]SAY: Ginger/ : YAP
[16:55:24]SAY: Ghost/cakebatter : Let me free
[16:55:35]SAY: Tiger/ : Meow!
[16:55:36]ADMIN: cakebatter/(Stop the Evil ERPer) made Stop the Evil ERPer at 137, 57, 4. make a sound
[16:55:45]EMOTE: Ginger/ : <B>Ginger</B> chases its tail.
[16:55:56]ADMIN: cakebatter/(Stop the Evil ERPer) deleted Wood-Framed Glass Door at (133,51,4)
[16:55:58]SAY: fox/ : Geckers
[16:55:58]EMOTE: Ginger/ : <B>Ginger</B> chases its tail.
[16:56:00]SAY: fox/ : Tchoff
[16:56:31]SAY: Cat/ : HSSSSS
[16:56:37]SAY: cat/ : HSSSSS
[16:56:41]EMOTE: Koira/ : <B>Koira</B> chases its tail.
[16:56:43]SAY: Wittley/ : Meow!
[16:56:51]EMOTE: cat/ : <B>The cat</B> shivers.
[16:57:00]EMOTE: Ginger/ : <B>Ginger</B> chases its tail.
[16:57:17]ADMIN: cakebatter/(Stop the Evil ERPer) has possessed Leviett Area no.4 (Residents: Ryud'aken Mo'Taki) (/obj/machinery/door/airlock/woodframe) at (270, 98, 4)
[16:57:21]EMOTE: Koira/ : <B>Koira</B> chases its tail.
[16:57:22]ADMIN: cakebatter/(Leviett Area no.4 (Residents: Ryud'aken Mo'Taki)) has possessed Stop the Evil ERPer (/obj/machinery/computer/arcade) at (270, 97, 4)
[16:57:33]EMOTE: Lisa/ : <B>Lisa</B> dances around
[16:57:34]ADMIN: cakebatter/(Stop the Evil ERPer) has possessed the home wall-mounted fireplace (/obj/machinery/fireplace) at (264, 105, 4)
[16:57:57]SAY: Dr. NibbleFluff/ : Meow!
[16:58:02]EMOTE: Poly/ : <B>Poly</B> squawks.
[16:58:20]EMOTE: kitten/ : <B>The kitten</B> shivers.
[16:58:26]EMOTE: Koira/ : <B>Koira</B> chases its tail.
[16:58:36]DEBUG: Next event of severity Mundane in 15.15 minutes.
[16:58:36]DEBUG: Starting event 'Mundane News' of severity Mundane.
[16:58:40]EMOTE: Lisa/ : <B>Lisa</B> dances around
[16:58:44]ADMIN: cakebatter/(home wall-mounted fireplace) created a /obj/machinery/camera/emp_proof
[16:58:58]SAY: Poly/ : YAP
[16:59:01]SAY: Poly/ : Wire the solars, you lazy bums!
[16:59:03]DEBUG: Event 'Mundane News' has completed at 12:28.
[16:59:04]ADMIN: cakebatter/(home wall-mounted fireplace) created a /obj/item/weapon/disk/nuclear
[16:59:07]ADMIN: cakebatter/(home wall-mounted fireplace) has possessed the nuclear authentication disk (/obj/item/weapon/disk/nuclear) at (161, 149, 4)
[16:59:14]EMOTE: Dr. NibbleFluff/ : <B>Dr. NibbleFluff</B> nibbles on something.
[16:59:16]SAY: Bones/ : Meow!
[16:59:30]EMOTE: Lisa/ : <B>Lisa</B> pants.
[16:59:37]SAY: Dr. NibbleFluff/ : Esp!
[16:59:44]SAY: Wittley/ : Purr!
[16:59:46]SAY: Poly/ : Poly wanna cracker!
[16:59:53]EMOTE: kitten/ : <B>The kitten</B> meows.
[16:59:55]EMOTE: Dr. NibbleFluff/ : <B>Dr. NibbleFluff</B> shivers.
[16:59:59]SAY: Milka/ : Esp!
[17:00:01]EMOTE: Dr. NibbleFluff/ : <B>Dr. NibbleFluff</B> mews.
[17:00:11]SAY: Cat/ : Esp!
[17:00:27]EMOTE: Koira/ : <B>Koira</B> chases its tail.
[17:00:29]SAY: Emi/ : Esp!
[17:00:35]EMOTE: Cat/ : <B>Cat</B> mews.
[17:00:45]GAME: The nuclear authentication disk has been destroyed. Spawning the nuclear authentication disk at (175, 146, 1).
[17:00:45]ACCESS: Logout: cakebatter/(Delialah Bennit)
